2020-11-27 15:48:21,994  * Running on http://127.0.0.1:5000/ (Press CTRL+C to quit)
2020-11-27 15:49:23,610 User: 127.0.0.1
2020-11-27 15:49:23,627 127.0.0.1 - - [27/Nov/2020 15:49:23] "[37mGET / HTTP/1.1[0m" 200 -
2020-11-27 15:49:23,915 127.0.0.1 - - [27/Nov/2020 15:49:23] "[37mGET /static/styles/style.css HTTP/1.1[0m" 200 -
2020-11-27 15:49:24,087 127.0.0.1 - - [27/Nov/2020 15:49:24] "[37mGET /static/background.jpg HTTP/1.1[0m" 200 -
2020-11-27 15:49:24,365 127.0.0.1 - - [27/Nov/2020 15:49:24] "[33mGET /static/favicon.ico HTTP/1.1[0m" 404 -
2020-11-27 15:49:31,480 127.0.0.1 - - [27/Nov/2020 15:49:31] "[37mGET /login HTTP/1.1[0m" 200 -
2020-11-27 15:49:31,510 127.0.0.1 - - [27/Nov/2020 15:49:31] "[33mGET /GoogleLogin.js HTTP/1.1[0m" 404 -
2020-11-27 15:49:31,518 127.0.0.1 - - [27/Nov/2020 15:49:31] "[37mGET /static/styles/login.css HTTP/1.1[0m" 200 -
2020-11-27 15:49:32,027 127.0.0.1 - - [27/Nov/2020 15:49:32] "[33mGET /GoogleLogin.js HTTP/1.1[0m" 404 -
2020-11-27 15:49:32,497 127.0.0.1 - - [27/Nov/2020 15:49:32] "[37mGET /favicon.ico HTTP/1.1[0m" 200 -
2020-11-27 15:49:45,285 127.0.0.1 - - [27/Nov/2020 15:49:45] "[37mGET /about HTTP/1.1[0m" 200 -
2020-11-27 15:49:45,320 127.0.0.1 - - [27/Nov/2020 15:49:45] "[37mGET /static/styles/about.css HTTP/1.1[0m" 200 -
2020-11-27 15:49:45,381 127.0.0.1 - - [27/Nov/2020 15:49:45] "[37mGET /favicon.ico HTTP/1.1[0m" 200 -
2020-11-27 15:49:51,594 127.0.0.1 - - [27/Nov/2020 15:49:51] "[37mGET /map HTTP/1.1[0m" 200 -
2020-11-27 15:49:51,676 127.0.0.1 - - [27/Nov/2020 15:49:51] "[37mGET /static/jquery.js HTTP/1.1[0m" 200 -
2020-11-27 15:49:51,846 127.0.0.1 - - [27/Nov/2020 15:49:51] "[37mGET /favicon.ico HTTP/1.1[0m" 200 -
2020-11-27 15:50:00,848 User: 127.0.0.1
2020-11-27 15:50:00,849 127.0.0.1 - - [27/Nov/2020 15:50:00] "[37mGET / HTTP/1.1[0m" 200 -
2020-11-27 15:50:04,589 127.0.0.1 - - [27/Nov/2020 15:50:04] "[37mGET /about HTTP/1.1[0m" 200 -
2020-11-27 15:50:04,673 127.0.0.1 - - [27/Nov/2020 15:50:04] "[37mGET /favicon.ico HTTP/1.1[0m" 200 -
2020-11-27 15:50:07,609 User: 127.0.0.1
2020-11-27 15:50:07,610 127.0.0.1 - - [27/Nov/2020 15:50:07] "[37mGET / HTTP/1.1[0m" 200 -
2020-11-27 15:53:25,707 User: 127.0.0.1
2020-11-27 15:53:25,708 127.0.0.1 - - [27/Nov/2020 15:53:25] "[37mGET / HTTP/1.1[0m" 200 -
2020-11-27 15:53:27,062 User: 127.0.0.1
2020-11-27 15:53:27,063 127.0.0.1 - - [27/Nov/2020 15:53:27] "[37mGET / HTTP/1.1[0m" 200 -
2020-11-27 15:53:27,101 127.0.0.1 - - [27/Nov/2020 15:53:27] "[37mGET /static/styles/style.css HTTP/1.1[0m" 200 -
2020-11-27 15:53:27,201 127.0.0.1 - - [27/Nov/2020 15:53:27] "[37mGET /static/background.jpg HTTP/1.1[0m" 200 -
2020-11-27 15:53:27,568 127.0.0.1 - - [27/Nov/2020 15:53:27] "[33mGET /static/favicon.ico HTTP/1.1[0m" 404 -
2020-11-27 15:53:44,449 User: 127.0.0.1
2020-11-27 15:53:44,450 127.0.0.1 - - [27/Nov/2020 15:53:44] "[37mGET / HTTP/1.1[0m" 200 -
2020-11-27 15:53:44,476 127.0.0.1 - - [27/Nov/2020 15:53:44] "[37mGET /static/styles/style.css HTTP/1.1[0m" 200 -
2020-11-27 15:53:44,588 127.0.0.1 - - [27/Nov/2020 15:53:44] "[37mGET /static/background.jpg HTTP/1.1[0m" 200 -
2020-11-27 15:53:44,840 127.0.0.1 - - [27/Nov/2020 15:53:44] "[33mGET /static/favicon.ico HTTP/1.1[0m" 404 -
2020-11-27 16:00:25,777  * Running on http://127.0.0.1:5000/ (Press CTRL+C to quit)
2020-11-27 16:00:29,423 User: 127.0.0.1
2020-11-27 16:00:29,432 127.0.0.1 - - [27/Nov/2020 16:00:29] "[37mGET / HTTP/1.1[0m" 200 -
2020-11-27 16:00:29,971 127.0.0.1 - - [27/Nov/2020 16:00:29] "[33mGET /static/favicon.ico HTTP/1.1[0m" 404 -
2020-11-27 16:00:31,656 User: 127.0.0.1
2020-11-27 16:00:31,657 127.0.0.1 - - [27/Nov/2020 16:00:31] "[37mGET / HTTP/1.1[0m" 200 -
2020-11-27 16:00:31,862 127.0.0.1 - - [27/Nov/2020 16:00:31] "[37mGET /static/styles/style.css HTTP/1.1[0m" 200 -
2020-11-27 16:00:31,955 127.0.0.1 - - [27/Nov/2020 16:00:31] "[37mGET /static/background.jpg HTTP/1.1[0m" 200 -
2020-11-27 16:00:32,167 127.0.0.1 - - [27/Nov/2020 16:00:32] "[33mGET /static/favicon.ico HTTP/1.1[0m" 404 -
2020-11-27 16:01:10,814 Exception on /map [POST]
Traceback (most recent call last):
  File "C:\Users\jaese\Desktop\capstone\app\routes.py", line 81, in convert_state
    num = state_names.index(state)+3
ValueError: 'adsfadf' is not in list

During handling of the above exception, another exception occurred:

Traceback (most recent call last):
  File "c:\users\jaese\desktop\myproject\venv\lib\site-packages\flask\app.py", line 2447, in wsgi_app
    response = self.full_dispatch_request()
  File "c:\users\jaese\desktop\myproject\venv\lib\site-packages\flask\app.py", line 1952, in full_dispatch_request
    rv = self.handle_user_exception(e)
  File "c:\users\jaese\desktop\myproject\venv\lib\site-packages\flask\app.py", line 1821, in handle_user_exception
    reraise(exc_type, exc_value, tb)
  File "c:\users\jaese\desktop\myproject\venv\lib\site-packages\flask\_compat.py", line 39, in reraise
    raise value
  File "c:\users\jaese\desktop\myproject\venv\lib\site-packages\flask\app.py", line 1950, in full_dispatch_request
    rv = self.dispatch_request()
  File "c:\users\jaese\desktop\myproject\venv\lib\site-packages\flask\app.py", line 1936, in dispatch_request
    return self.view_functions[rule.endpoint](**req.view_args)
  File "C:\Users\jaese\Desktop\capstone\app\routes.py", line 47, in map
    data = download(convert_state(state))
  File "C:\Users\jaese\Desktop\capstone\app\routes.py", line 84, in convert_state
    num = states.index(state.lower())+2
ValueError: 'adsfadf' is not in list
2020-11-27 16:01:10,842 127.0.0.1 - - [27/Nov/2020 16:01:10] "[35m[1mPOST /map HTTP/1.1[0m" 500 -
2020-11-27 16:01:10,952 127.0.0.1 - - [27/Nov/2020 16:01:10] "[37mGET /favicon.ico HTTP/1.1[0m" 200 -
2020-11-27 16:03:17,204 User: 127.0.0.1
2020-11-27 16:03:17,205 127.0.0.1 - - [27/Nov/2020 16:03:17] "[37mGET / HTTP/1.1[0m" 200 -
2020-11-27 16:03:17,231 127.0.0.1 - - [27/Nov/2020 16:03:17] "[37mGET /static/styles/style.css HTTP/1.1[0m" 200 -
2020-11-27 16:03:17,358 127.0.0.1 - - [27/Nov/2020 16:03:17] "[37mGET /static/background.jpg HTTP/1.1[0m" 200 -
2020-11-27 16:03:17,799 127.0.0.1 - - [27/Nov/2020 16:03:17] "[33mGET /static/favicon.ico HTTP/1.1[0m" 404 -
2020-11-27 16:03:28,263 Exception on /map [POST]
Traceback (most recent call last):
  File "C:\Users\jaese\Desktop\capstone\app\routes.py", line 81, in convert_state
    num = state_names.index(state)+3
ValueError: 'asdf' is not in list

During handling of the above exception, another exception occurred:

Traceback (most recent call last):
  File "c:\users\jaese\desktop\myproject\venv\lib\site-packages\flask\app.py", line 2447, in wsgi_app
    response = self.full_dispatch_request()
  File "c:\users\jaese\desktop\myproject\venv\lib\site-packages\flask\app.py", line 1952, in full_dispatch_request
    rv = self.handle_user_exception(e)
  File "c:\users\jaese\desktop\myproject\venv\lib\site-packages\flask\app.py", line 1821, in handle_user_exception
    reraise(exc_type, exc_value, tb)
  File "c:\users\jaese\desktop\myproject\venv\lib\site-packages\flask\_compat.py", line 39, in reraise
    raise value
  File "c:\users\jaese\desktop\myproject\venv\lib\site-packages\flask\app.py", line 1950, in full_dispatch_request
    rv = self.dispatch_request()
  File "c:\users\jaese\desktop\myproject\venv\lib\site-packages\flask\app.py", line 1936, in dispatch_request
    return self.view_functions[rule.endpoint](**req.view_args)
  File "C:\Users\jaese\Desktop\capstone\app\routes.py", line 47, in map
    data = download(convert_state(state))
  File "C:\Users\jaese\Desktop\capstone\app\routes.py", line 84, in convert_state
    num = states.index(state.lower())+2
ValueError: 'asdf' is not in list
2020-11-27 16:03:28,266 127.0.0.1 - - [27/Nov/2020 16:03:28] "[35m[1mPOST /map HTTP/1.1[0m" 500 -
2020-11-27 16:03:28,371 127.0.0.1 - - [27/Nov/2020 16:03:28] "[37mGET /favicon.ico HTTP/1.1[0m" 200 -
2020-11-27 16:04:17,017 User: 127.0.0.1
2020-11-27 16:04:17,018 127.0.0.1 - - [27/Nov/2020 16:04:17] "[37mGET / HTTP/1.1[0m" 200 -
2020-11-27 16:04:17,047 127.0.0.1 - - [27/Nov/2020 16:04:17] "[37mGET /static/styles/style.css HTTP/1.1[0m" 200 -
2020-11-27 16:04:17,178 127.0.0.1 - - [27/Nov/2020 16:04:17] "[37mGET /static/background.jpg HTTP/1.1[0m" 200 -
2020-11-27 16:04:17,612 127.0.0.1 - - [27/Nov/2020 16:04:17] "[33mGET /static/favicon.ico HTTP/1.1[0m" 404 -
2020-11-27 16:04:23,065 User: 127.0.0.1
2020-11-27 16:04:23,066 127.0.0.1 - - [27/Nov/2020 16:04:23] "[37mGET / HTTP/1.1[0m" 200 -
2020-11-27 16:04:52,943 User: 127.0.0.1
2020-11-27 16:04:52,947 127.0.0.1 - - [27/Nov/2020 16:04:52] "[37mGET / HTTP/1.1[0m" 200 -
2020-11-27 16:04:52,977 127.0.0.1 - - [27/Nov/2020 16:04:52] "[37mGET /static/styles/style.css HTTP/1.1[0m" 200 -
2020-11-27 16:04:53,466 127.0.0.1 - - [27/Nov/2020 16:04:53] "[37mGET /static/background.jpg HTTP/1.1[0m" 200 -
2020-11-27 16:04:53,857 127.0.0.1 - - [27/Nov/2020 16:04:53] "[33mGET /static/favicon.ico HTTP/1.1[0m" 404 -
2020-11-27 16:04:57,726 User: 127.0.0.1
2020-11-27 16:04:57,726 127.0.0.1 - - [27/Nov/2020 16:04:57] "[37mGET / HTTP/1.1[0m" 200 -
2020-11-27 16:05:11,620 User: 127.0.0.1
2020-11-27 16:05:11,621 127.0.0.1 - - [27/Nov/2020 16:05:11] "[37mGET / HTTP/1.1[0m" 200 -
2020-11-27 16:05:11,651 127.0.0.1 - - [27/Nov/2020 16:05:11] "[37mGET /static/styles/style.css HTTP/1.1[0m" 200 -
2020-11-27 16:05:11,776 127.0.0.1 - - [27/Nov/2020 16:05:11] "[37mGET /static/background.jpg HTTP/1.1[0m" 200 -
2020-11-27 16:05:12,141 127.0.0.1 - - [27/Nov/2020 16:05:12] "[33mGET /static/favicon.ico HTTP/1.1[0m" 404 -
2020-11-27 16:05:13,805 User: 127.0.0.1
2020-11-27 16:05:13,807 127.0.0.1 - - [27/Nov/2020 16:05:13] "[37mGET / HTTP/1.1[0m" 200 -
2020-11-27 16:05:31,082  * Running on http://127.0.0.1:5000/ (Press CTRL+C to quit)
2020-11-27 16:05:39,268 User: 127.0.0.1
2020-11-27 16:05:39,282 127.0.0.1 - - [27/Nov/2020 16:05:39] "[37mGET / HTTP/1.1[0m" 200 -
2020-11-27 16:05:50,420 Exception on /map [POST]
Traceback (most recent call last):
  File "c:\users\jaese\desktop\myproject\venv\lib\site-packages\flask\app.py", line 2447, in wsgi_app
    response = self.full_dispatch_request()
  File "c:\users\jaese\desktop\myproject\venv\lib\site-packages\flask\app.py", line 1952, in full_dispatch_request
    rv = self.handle_user_exception(e)
  File "c:\users\jaese\desktop\myproject\venv\lib\site-packages\flask\app.py", line 1821, in handle_user_exception
    reraise(exc_type, exc_value, tb)
  File "c:\users\jaese\desktop\myproject\venv\lib\site-packages\flask\_compat.py", line 39, in reraise
    raise value
  File "c:\users\jaese\desktop\myproject\venv\lib\site-packages\flask\app.py", line 1950, in full_dispatch_request
    rv = self.dispatch_request()
  File "c:\users\jaese\desktop\myproject\venv\lib\site-packages\flask\app.py", line 1936, in dispatch_request
    return self.view_functions[rule.endpoint](**req.view_args)
  File "C:\Users\jaese\Desktop\capstone\app\routes.py", line 47, in map
    data = download(convert_state(state))
  File "C:\Users\jaese\Desktop\capstone\app\routes.py", line 79, in convert_state
    state = state.lower()
AttributeError: 'NoneType' object has no attribute 'lower'
2020-11-27 16:05:50,424 127.0.0.1 - - [27/Nov/2020 16:05:50] "[35m[1mPOST /map HTTP/1.1[0m" 500 -
2020-11-27 16:05:50,479 127.0.0.1 - - [27/Nov/2020 16:05:50] "[37mGET /favicon.ico HTTP/1.1[0m" 200 -
2020-11-27 16:06:14,694 Exception on /map [POST]
Traceback (most recent call last):
  File "c:\users\jaese\desktop\myproject\venv\lib\site-packages\flask\app.py", line 2447, in wsgi_app
    response = self.full_dispatch_request()
  File "c:\users\jaese\desktop\myproject\venv\lib\site-packages\flask\app.py", line 1952, in full_dispatch_request
    rv = self.handle_user_exception(e)
  File "c:\users\jaese\desktop\myproject\venv\lib\site-packages\flask\app.py", line 1821, in handle_user_exception
    reraise(exc_type, exc_value, tb)
  File "c:\users\jaese\desktop\myproject\venv\lib\site-packages\flask\_compat.py", line 39, in reraise
    raise value
  File "c:\users\jaese\desktop\myproject\venv\lib\site-packages\flask\app.py", line 1950, in full_dispatch_request
    rv = self.dispatch_request()
  File "c:\users\jaese\desktop\myproject\venv\lib\site-packages\flask\app.py", line 1936, in dispatch_request
    return self.view_functions[rule.endpoint](**req.view_args)
  File "C:\Users\jaese\Desktop\capstone\app\routes.py", line 47, in map
    data = download(convert_state(state))
  File "C:\Users\jaese\Desktop\capstone\app\routes.py", line 79, in convert_state
    state = state.lower()
AttributeError: 'NoneType' object has no attribute 'lower'
2020-11-27 16:06:14,697 127.0.0.1 - - [27/Nov/2020 16:06:14] "[35m[1mPOST /map HTTP/1.1[0m" 500 -
2020-11-27 16:06:14,750 127.0.0.1 - - [27/Nov/2020 16:06:14] "[37mGET /favicon.ico HTTP/1.1[0m" 200 -
2020-11-27 16:06:21,012 Exception on /map [POST]
Traceback (most recent call last):
  File "c:\users\jaese\desktop\myproject\venv\lib\site-packages\flask\app.py", line 2447, in wsgi_app
    response = self.full_dispatch_request()
  File "c:\users\jaese\desktop\myproject\venv\lib\site-packages\flask\app.py", line 1952, in full_dispatch_request
    rv = self.handle_user_exception(e)
  File "c:\users\jaese\desktop\myproject\venv\lib\site-packages\flask\app.py", line 1821, in handle_user_exception
    reraise(exc_type, exc_value, tb)
  File "c:\users\jaese\desktop\myproject\venv\lib\site-packages\flask\_compat.py", line 39, in reraise
    raise value
  File "c:\users\jaese\desktop\myproject\venv\lib\site-packages\flask\app.py", line 1950, in full_dispatch_request
    rv = self.dispatch_request()
  File "c:\users\jaese\desktop\myproject\venv\lib\site-packages\flask\app.py", line 1936, in dispatch_request
    return self.view_functions[rule.endpoint](**req.view_args)
  File "C:\Users\jaese\Desktop\capstone\app\routes.py", line 47, in map
    data = download(convert_state(state))
  File "C:\Users\jaese\Desktop\capstone\app\routes.py", line 79, in convert_state
    state = state.lower()
AttributeError: 'NoneType' object has no attribute 'lower'
2020-11-27 16:06:21,014 127.0.0.1 - - [27/Nov/2020 16:06:21] "[35m[1mPOST /map HTTP/1.1[0m" 500 -
2020-11-27 16:06:21,085 127.0.0.1 - - [27/Nov/2020 16:06:21] "[37mGET /favicon.ico HTTP/1.1[0m" 200 -
2020-11-27 16:06:37,277 User: 127.0.0.1
2020-11-27 16:06:37,278 127.0.0.1 - - [27/Nov/2020 16:06:37] "[37mGET / HTTP/1.1[0m" 200 -
2020-11-27 16:06:38,522 User: 127.0.0.1
2020-11-27 16:06:38,523 127.0.0.1 - - [27/Nov/2020 16:06:38] "[37mGET / HTTP/1.1[0m" 200 -
2020-11-27 16:06:39,703 User: 127.0.0.1
2020-11-27 16:06:39,704 127.0.0.1 - - [27/Nov/2020 16:06:39] "[37mGET / HTTP/1.1[0m" 200 -
2020-11-27 16:06:39,898 127.0.0.1 - - [27/Nov/2020 16:06:39] "[37mGET /static/styles/style.css HTTP/1.1[0m" 200 -
2020-11-27 16:06:39,989 127.0.0.1 - - [27/Nov/2020 16:06:39] "[37mGET /static/background.jpg HTTP/1.1[0m" 200 -
2020-11-27 16:06:40,335 127.0.0.1 - - [27/Nov/2020 16:06:40] "[33mGET /static/favicon.ico HTTP/1.1[0m" 404 -
2020-11-27 16:06:43,431 Exception on /map [POST]
Traceback (most recent call last):
  File "c:\users\jaese\desktop\myproject\venv\lib\site-packages\flask\app.py", line 2447, in wsgi_app
    response = self.full_dispatch_request()
  File "c:\users\jaese\desktop\myproject\venv\lib\site-packages\flask\app.py", line 1952, in full_dispatch_request
    rv = self.handle_user_exception(e)
  File "c:\users\jaese\desktop\myproject\venv\lib\site-packages\flask\app.py", line 1821, in handle_user_exception
    reraise(exc_type, exc_value, tb)
  File "c:\users\jaese\desktop\myproject\venv\lib\site-packages\flask\_compat.py", line 39, in reraise
    raise value
  File "c:\users\jaese\desktop\myproject\venv\lib\site-packages\flask\app.py", line 1950, in full_dispatch_request
    rv = self.dispatch_request()
  File "c:\users\jaese\desktop\myproject\venv\lib\site-packages\flask\app.py", line 1936, in dispatch_request
    return self.view_functions[rule.endpoint](**req.view_args)
  File "C:\Users\jaese\Desktop\capstone\app\routes.py", line 47, in map
    data = download(convert_state(state))
  File "C:\Users\jaese\Desktop\capstone\app\routes.py", line 79, in convert_state
    state = state.lower()
AttributeError: 'NoneType' object has no attribute 'lower'
2020-11-27 16:06:43,435 127.0.0.1 - - [27/Nov/2020 16:06:43] "[35m[1mPOST /map HTTP/1.1[0m" 500 -
2020-11-27 16:06:43,489 127.0.0.1 - - [27/Nov/2020 16:06:43] "[37mGET /favicon.ico HTTP/1.1[0m" 200 -
2020-11-27 16:08:53,080 User: 127.0.0.1
2020-11-27 16:08:53,082 127.0.0.1 - - [27/Nov/2020 16:08:53] "[37mGET / HTTP/1.1[0m" 200 -
2020-11-27 16:08:53,106 127.0.0.1 - - [27/Nov/2020 16:08:53] "[37mGET /static/styles/style.css HTTP/1.1[0m" 200 -
2020-11-27 16:08:53,229 127.0.0.1 - - [27/Nov/2020 16:08:53] "[37mGET /static/background.jpg HTTP/1.1[0m" 200 -
2020-11-27 16:08:53,773 127.0.0.1 - - [27/Nov/2020 16:08:53] "[33mGET /static/favicon.ico HTTP/1.1[0m" 404 -
2020-11-27 16:08:58,922  * Running on http://127.0.0.1:5000/ (Press CTRL+C to quit)
2020-11-27 16:09:00,740 User: 127.0.0.1
2020-11-27 16:09:00,749 127.0.0.1 - - [27/Nov/2020 16:09:00] "[37mGET / HTTP/1.1[0m" 200 -
2020-11-27 16:09:06,267 User: 127.0.0.1
2020-11-27 16:09:06,268 127.0.0.1 - - [27/Nov/2020 16:09:06] "[37mGET / HTTP/1.1[0m" 200 -
2020-11-27 16:09:06,466 127.0.0.1 - - [27/Nov/2020 16:09:06] "[37mGET /static/styles/style.css HTTP/1.1[0m" 200 -
2020-11-27 16:09:06,560 127.0.0.1 - - [27/Nov/2020 16:09:06] "[37mGET /static/background.jpg HTTP/1.1[0m" 200 -
2020-11-27 16:09:06,734 127.0.0.1 - - [27/Nov/2020 16:09:06] "[33mGET /static/favicon.ico HTTP/1.1[0m" 404 -
2020-11-27 16:09:31,614 User: 127.0.0.1
2020-11-27 16:09:31,615 127.0.0.1 - - [27/Nov/2020 16:09:31] "[37mGET / HTTP/1.1[0m" 200 -
2020-11-27 16:09:31,639 127.0.0.1 - - [27/Nov/2020 16:09:31] "[37mGET /static/styles/style.css HTTP/1.1[0m" 200 -
2020-11-27 16:09:40,618  * Running on http://127.0.0.1:5000/ (Press CTRL+C to quit)
2020-11-27 16:09:41,887 127.0.0.1 - - [27/Nov/2020 16:09:41] "[37mGET /static/background.jpg HTTP/1.1[0m" 200 -
2020-11-27 16:09:42,003 127.0.0.1 - - [27/Nov/2020 16:09:42] "[33mGET /static/favicon.ico HTTP/1.1[0m" 404 -
2020-11-27 16:09:45,410 127.0.0.1 - - [27/Nov/2020 16:09:45] "[37mPOST /map HTTP/1.1[0m" 200 -
2020-11-27 16:09:45,533 127.0.0.1 - - [27/Nov/2020 16:09:45] "[37mGET /favicon.ico HTTP/1.1[0m" 200 -
2020-11-27 16:09:52,567 User: 127.0.0.1
2020-11-27 16:09:52,574 127.0.0.1 - - [27/Nov/2020 16:09:52] "[37mGET / HTTP/1.1[0m" 200 -
2020-11-27 16:09:53,564 User: 127.0.0.1
2020-11-27 16:09:53,565 127.0.0.1 - - [27/Nov/2020 16:09:53] "[37mGET / HTTP/1.1[0m" 200 -
2020-11-27 16:09:53,601 127.0.0.1 - - [27/Nov/2020 16:09:53] "[37mGET /static/styles/style.css HTTP/1.1[0m" 200 -
2020-11-27 16:09:53,653 127.0.0.1 - - [27/Nov/2020 16:09:53] "[37mGET /static/background.jpg HTTP/1.1[0m" 200 -
2020-11-27 16:09:53,769 127.0.0.1 - - [27/Nov/2020 16:09:53] "[33mGET /static/favicon.ico HTTP/1.1[0m" 404 -
2020-11-27 16:10:00,185 User: 127.0.0.1
2020-11-27 16:10:00,185 127.0.0.1 - - [27/Nov/2020 16:10:00] "[37mGET / HTTP/1.1[0m" 200 -
2020-11-27 16:10:07,196  * Running on http://127.0.0.1:5000/ (Press CTRL+C to quit)
2020-11-27 16:10:10,312 User: 127.0.0.1
2020-11-27 16:10:10,317 127.0.0.1 - - [27/Nov/2020 16:10:10] "[37mGET / HTTP/1.1[0m" 200 -
2020-11-27 16:10:11,745 User: 127.0.0.1
2020-11-27 16:10:11,746 127.0.0.1 - - [27/Nov/2020 16:10:11] "[37mGET / HTTP/1.1[0m" 200 -
2020-11-27 16:10:13,468 User: 127.0.0.1
2020-11-27 16:10:13,469 127.0.0.1 - - [27/Nov/2020 16:10:13] "[37mGET / HTTP/1.1[0m" 200 -
2020-11-27 16:10:13,626 User: 127.0.0.1
2020-11-27 16:10:13,626 127.0.0.1 - - [27/Nov/2020 16:10:13] "[37mGET / HTTP/1.1[0m" 200 -
2020-11-27 16:10:13,745 127.0.0.1 - - [27/Nov/2020 16:10:13] "[37mGET /static/styles/style.css HTTP/1.1[0m" 200 -
2020-11-27 16:10:13,864 127.0.0.1 - - [27/Nov/2020 16:10:13] "[37mGET /static/styles/style.css HTTP/1.1[0m" 200 -
2020-11-27 16:10:13,890 127.0.0.1 - - [27/Nov/2020 16:10:13] "[37mGET /static/background.jpg HTTP/1.1[0m" 200 -
2020-11-27 16:10:13,911 127.0.0.1 - - [27/Nov/2020 16:10:13] "[33mGET /static/favicon.ico HTTP/1.1[0m" 404 -
2020-11-27 16:10:21,057 User: 127.0.0.1
2020-11-27 16:10:21,058 127.0.0.1 - - [27/Nov/2020 16:10:21] "[37mGET / HTTP/1.1[0m" 200 -
2020-11-27 16:18:00,423  * Running on http://127.0.0.1:5000/ (Press CTRL+C to quit)
2020-11-27 16:18:02,483 User: 127.0.0.1
2020-11-27 16:18:02,492 127.0.0.1 - - [27/Nov/2020 16:18:02] "[37mGET / HTTP/1.1[0m" 200 -
2020-11-27 16:18:02,693 127.0.0.1 - - [27/Nov/2020 16:18:02] "[37mGET /static/styles/style.css HTTP/1.1[0m" 200 -
2020-11-27 16:18:03,097 127.0.0.1 - - [27/Nov/2020 16:18:03] "[37mGET /static/background.jpg HTTP/1.1[0m" 200 -
2020-11-27 16:18:03,362 127.0.0.1 - - [27/Nov/2020 16:18:03] "[33mGET /static/favicon.ico HTTP/1.1[0m" 404 -
2020-11-27 16:18:18,793 Exception on /map [POST]
Traceback (most recent call last):
  File "C:\Users\jaese\Desktop\capstone\app\routes.py", line 81, in convert_state
    num = state_names.index(state)+3
ValueError: 'asdsad' is not in list

During handling of the above exception, another exception occurred:

Traceback (most recent call last):
  File "c:\users\jaese\desktop\myproject\venv\lib\site-packages\flask\app.py", line 2447, in wsgi_app
    response = self.full_dispatch_request()
  File "c:\users\jaese\desktop\myproject\venv\lib\site-packages\flask\app.py", line 1952, in full_dispatch_request
    rv = self.handle_user_exception(e)
  File "c:\users\jaese\desktop\myproject\venv\lib\site-packages\flask\app.py", line 1821, in handle_user_exception
    reraise(exc_type, exc_value, tb)
  File "c:\users\jaese\desktop\myproject\venv\lib\site-packages\flask\_compat.py", line 39, in reraise
    raise value
  File "c:\users\jaese\desktop\myproject\venv\lib\site-packages\flask\app.py", line 1950, in full_dispatch_request
    rv = self.dispatch_request()
  File "c:\users\jaese\desktop\myproject\venv\lib\site-packages\flask\app.py", line 1936, in dispatch_request
    return self.view_functions[rule.endpoint](**req.view_args)
  File "C:\Users\jaese\Desktop\capstone\app\routes.py", line 47, in map
    data = download(convert_state(state))
  File "C:\Users\jaese\Desktop\capstone\app\routes.py", line 84, in convert_state
    num = states.index(state.lower())+2
ValueError: 'asdsad' is not in list
2020-11-27 16:18:18,796 127.0.0.1 - - [27/Nov/2020 16:18:18] "[35m[1mPOST /map HTTP/1.1[0m" 500 -
2020-11-27 16:18:18,879 127.0.0.1 - - [27/Nov/2020 16:18:18] "[37mGET /favicon.ico HTTP/1.1[0m" 200 -
2020-11-27 16:19:26,486  * Running on http://127.0.0.1:5000/ (Press CTRL+C to quit)
2020-11-27 16:19:29,999 User: 127.0.0.1
2020-11-27 16:19:30,013 127.0.0.1 - - [27/Nov/2020 16:19:30] "[37mGET / HTTP/1.1[0m" 200 -
2020-11-27 16:19:30,214 127.0.0.1 - - [27/Nov/2020 16:19:30] "[37mGET /static/styles/style.css HTTP/1.1[0m" 200 -
2020-11-27 16:19:30,529 127.0.0.1 - - [27/Nov/2020 16:19:30] "[37mGET /static/background.jpg HTTP/1.1[0m" 200 -
2020-11-27 16:19:30,786 127.0.0.1 - - [27/Nov/2020 16:19:30] "[33mGET /static/favicon.ico HTTP/1.1[0m" 404 -
2020-11-27 16:19:34,144 Exception on /map [POST]
Traceback (most recent call last):
  File "C:\Users\jaese\Desktop\capstone\app\routes.py", line 81, in convert_state
    num = state_names.index(state)+3
ValueError: 'asdf' is not in list

During handling of the above exception, another exception occurred:

Traceback (most recent call last):
  File "c:\users\jaese\desktop\myproject\venv\lib\site-packages\flask\app.py", line 2447, in wsgi_app
    response = self.full_dispatch_request()
  File "c:\users\jaese\desktop\myproject\venv\lib\site-packages\flask\app.py", line 1952, in full_dispatch_request
    rv = self.handle_user_exception(e)
  File "c:\users\jaese\desktop\myproject\venv\lib\site-packages\flask\app.py", line 1821, in handle_user_exception
    reraise(exc_type, exc_value, tb)
  File "c:\users\jaese\desktop\myproject\venv\lib\site-packages\flask\_compat.py", line 39, in reraise
    raise value
  File "c:\users\jaese\desktop\myproject\venv\lib\site-packages\flask\app.py", line 1950, in full_dispatch_request
    rv = self.dispatch_request()
  File "c:\users\jaese\desktop\myproject\venv\lib\site-packages\flask\app.py", line 1936, in dispatch_request
    return self.view_functions[rule.endpoint](**req.view_args)
  File "C:\Users\jaese\Desktop\capstone\app\routes.py", line 47, in map
    data = download(convert_state(state))
  File "C:\Users\jaese\Desktop\capstone\app\routes.py", line 84, in convert_state
    num = states.index(state.lower())+2
ValueError: 'asdf' is not in list
2020-11-27 16:19:34,147 127.0.0.1 - - [27/Nov/2020 16:19:34] "[35m[1mPOST /map HTTP/1.1[0m" 500 -
2020-11-27 16:19:34,219 127.0.0.1 - - [27/Nov/2020 16:19:34] "[37mGET /favicon.ico HTTP/1.1[0m" 200 -
2020-11-27 16:20:58,714 User: 127.0.0.1
2020-11-27 16:20:58,715 127.0.0.1 - - [27/Nov/2020 16:20:58] "[37mGET / HTTP/1.1[0m" 200 -
2020-11-27 16:20:58,753 127.0.0.1 - - [27/Nov/2020 16:20:58] "[37mGET /static/styles/style.css HTTP/1.1[0m" 200 -
2020-11-27 16:20:58,865 127.0.0.1 - - [27/Nov/2020 16:20:58] "[37mGET /static/background.jpg HTTP/1.1[0m" 200 -
2020-11-27 16:20:59,071 127.0.0.1 - - [27/Nov/2020 16:20:59] "[33mGET /static/favicon.ico HTTP/1.1[0m" 404 -
2020-11-27 16:21:03,586 Exception on /map [POST]
Traceback (most recent call last):
  File "C:\Users\jaese\Desktop\capstone\app\routes.py", line 81, in convert_state
    num = state_names.index(state)+3
ValueError: 'asdfasdf' is not in list

During handling of the above exception, another exception occurred:

Traceback (most recent call last):
  File "c:\users\jaese\desktop\myproject\venv\lib\site-packages\flask\app.py", line 2447, in wsgi_app
    response = self.full_dispatch_request()
  File "c:\users\jaese\desktop\myproject\venv\lib\site-packages\flask\app.py", line 1952, in full_dispatch_request
    rv = self.handle_user_exception(e)
  File "c:\users\jaese\desktop\myproject\venv\lib\site-packages\flask\app.py", line 1821, in handle_user_exception
    reraise(exc_type, exc_value, tb)
  File "c:\users\jaese\desktop\myproject\venv\lib\site-packages\flask\_compat.py", line 39, in reraise
    raise value
  File "c:\users\jaese\desktop\myproject\venv\lib\site-packages\flask\app.py", line 1950, in full_dispatch_request
    rv = self.dispatch_request()
  File "c:\users\jaese\desktop\myproject\venv\lib\site-packages\flask\app.py", line 1936, in dispatch_request
    return self.view_functions[rule.endpoint](**req.view_args)
  File "C:\Users\jaese\Desktop\capstone\app\routes.py", line 47, in map
    data = download(convert_state(state))
  File "C:\Users\jaese\Desktop\capstone\app\routes.py", line 84, in convert_state
    num = states.index(state.lower())+2
ValueError: 'asdfasdf' is not in list
2020-11-27 16:21:03,589 127.0.0.1 - - [27/Nov/2020 16:21:03] "[35m[1mPOST /map HTTP/1.1[0m" 500 -
2020-11-27 16:21:03,662 127.0.0.1 - - [27/Nov/2020 16:21:03] "[37mGET /favicon.ico HTTP/1.1[0m" 200 -
2020-11-27 16:21:32,084 127.0.0.1 - - [27/Nov/2020 16:21:32] "[37mGET /about HTTP/1.1[0m" 200 -
2020-11-27 16:21:32,184 127.0.0.1 - - [27/Nov/2020 16:21:32] "[37mGET /favicon.ico HTTP/1.1[0m" 200 -
2020-11-27 16:21:40,054 127.0.0.1 - - [27/Nov/2020 16:21:40] "[37mGET /map HTTP/1.1[0m" 200 -
2020-11-27 16:21:40,151 127.0.0.1 - - [27/Nov/2020 16:21:40] "[37mGET /favicon.ico HTTP/1.1[0m" 200 -
2020-11-27 16:21:43,471 127.0.0.1 - - [27/Nov/2020 16:21:43] "[37mGET /login HTTP/1.1[0m" 200 -
2020-11-27 16:21:43,496 127.0.0.1 - - [27/Nov/2020 16:21:43] "[33mGET /GoogleLogin.js HTTP/1.1[0m" 404 -
2020-11-27 16:21:43,838 127.0.0.1 - - [27/Nov/2020 16:21:43] "[33mGET /GoogleLogin.js HTTP/1.1[0m" 404 -
2020-11-27 16:21:44,337 127.0.0.1 - - [27/Nov/2020 16:21:44] "[37mGET /favicon.ico HTTP/1.1[0m" 200 -
2020-11-27 16:21:51,390 127.0.0.1 - - [27/Nov/2020 16:21:51] "[37mGET /favicon.ico HTTP/1.1[0m" 200 -
2020-11-27 16:21:59,598 User: 127.0.0.1
2020-11-27 16:21:59,600 127.0.0.1 - - [27/Nov/2020 16:21:59] "[37mGET / HTTP/1.1[0m" 200 -
2020-11-27 16:22:01,616 127.0.0.1 - - [27/Nov/2020 16:22:01] "[37mGET /map HTTP/1.1[0m" 200 -
2020-11-27 16:22:01,711 127.0.0.1 - - [27/Nov/2020 16:22:01] "[37mGET /favicon.ico HTTP/1.1[0m" 200 -
2020-11-27 16:22:03,748 User: 127.0.0.1
2020-11-27 16:22:03,749 127.0.0.1 - - [27/Nov/2020 16:22:03] "[37mGET / HTTP/1.1[0m" 200 -
2020-11-27 16:22:05,672 127.0.0.1 - - [27/Nov/2020 16:22:05] "[37mGET /map HTTP/1.1[0m" 200 -
2020-11-27 16:22:05,766 127.0.0.1 - - [27/Nov/2020 16:22:05] "[37mGET /favicon.ico HTTP/1.1[0m" 200 -
2020-11-27 16:22:10,397 User: 127.0.0.1
2020-11-27 16:22:10,398 127.0.0.1 - - [27/Nov/2020 16:22:10] "[37mGET / HTTP/1.1[0m" 200 -
2020-11-27 16:22:12,363 127.0.0.1 - - [27/Nov/2020 16:22:12] "[37mGET /map HTTP/1.1[0m" 200 -
2020-11-27 16:22:12,455 127.0.0.1 - - [27/Nov/2020 16:22:12] "[37mGET /favicon.ico HTTP/1.1[0m" 200 -
2020-11-27 16:22:14,011 User: 127.0.0.1
2020-11-27 16:22:14,013 127.0.0.1 - - [27/Nov/2020 16:22:14] "[37mGET / HTTP/1.1[0m" 200 -
2020-11-27 16:22:18,858 127.0.0.1 - - [27/Nov/2020 16:22:18] "[37mGET /map HTTP/1.1[0m" 200 -
2020-11-27 16:22:18,961 127.0.0.1 - - [27/Nov/2020 16:22:18] "[37mGET /favicon.ico HTTP/1.1[0m" 200 -
2020-11-27 16:22:20,928 User: 127.0.0.1
2020-11-27 16:22:20,929 127.0.0.1 - - [27/Nov/2020 16:22:20] "[37mGET / HTTP/1.1[0m" 200 -
2020-11-27 16:22:41,273 127.0.0.1 - - [27/Nov/2020 16:22:41] "[37mGET /map HTTP/1.1[0m" 200 -
2020-11-27 16:22:41,383 127.0.0.1 - - [27/Nov/2020 16:22:41] "[37mGET /favicon.ico HTTP/1.1[0m" 200 -
2020-11-27 16:22:43,279 User: 127.0.0.1
2020-11-27 16:22:43,280 127.0.0.1 - - [27/Nov/2020 16:22:43] "[37mGET / HTTP/1.1[0m" 200 -
2020-11-27 16:22:58,591  * Running on http://127.0.0.1:5000/ (Press CTRL+C to quit)
2020-11-27 16:23:00,788 User: 127.0.0.1
2020-11-27 16:23:00,810 127.0.0.1 - - [27/Nov/2020 16:23:00] "[37mGET / HTTP/1.1[0m" 200 -
2020-11-27 16:23:03,339 127.0.0.1 - - [27/Nov/2020 16:23:03] "[37mGET /map HTTP/1.1[0m" 200 -
2020-11-27 16:23:03,438 127.0.0.1 - - [27/Nov/2020 16:23:03] "[37mGET /favicon.ico HTTP/1.1[0m" 200 -
2020-11-27 16:23:26,907 User: 127.0.0.1
2020-11-27 16:23:26,907 127.0.0.1 - - [27/Nov/2020 16:23:26] "[37mGET / HTTP/1.1[0m" 200 -
2020-11-27 16:23:28,288 127.0.0.1 - - [27/Nov/2020 16:23:28] "[37mGET /about HTTP/1.1[0m" 200 -
2020-11-27 16:23:28,364 127.0.0.1 - - [27/Nov/2020 16:23:28] "[37mGET /favicon.ico HTTP/1.1[0m" 200 -
2020-11-27 16:23:31,451 127.0.0.1 - - [27/Nov/2020 16:23:31] "[37mGET /login HTTP/1.1[0m" 200 -
2020-11-27 16:23:31,479 127.0.0.1 - - [27/Nov/2020 16:23:31] "[33mGET /GoogleLogin.js HTTP/1.1[0m" 404 -
2020-11-27 16:23:31,999 127.0.0.1 - - [27/Nov/2020 16:23:31] "[33mGET /GoogleLogin.js HTTP/1.1[0m" 404 -
2020-11-27 16:23:32,312 127.0.0.1 - - [27/Nov/2020 16:23:32] "[37mGET /favicon.ico HTTP/1.1[0m" 200 -
2020-11-27 16:23:34,280 127.0.0.1 - - [27/Nov/2020 16:23:34] "[37mGET /map HTTP/1.1[0m" 200 -
2020-11-27 16:23:34,379 127.0.0.1 - - [27/Nov/2020 16:23:34] "[37mGET /favicon.ico HTTP/1.1[0m" 200 -
2020-11-27 16:23:36,134 User: 127.0.0.1
2020-11-27 16:23:36,138 127.0.0.1 - - [27/Nov/2020 16:23:36] "[37mGET / HTTP/1.1[0m" 200 -
2020-11-27 16:23:40,482 127.0.0.1 - - [27/Nov/2020 16:23:40] "[37mGET /map HTTP/1.1[0m" 200 -
2020-11-27 16:23:40,570 127.0.0.1 - - [27/Nov/2020 16:23:40] "[37mGET /favicon.ico HTTP/1.1[0m" 200 -
2020-11-27 16:23:41,439 User: 127.0.0.1
2020-11-27 16:23:41,441 127.0.0.1 - - [27/Nov/2020 16:23:41] "[37mGET / HTTP/1.1[0m" 200 -
2020-11-27 16:26:57,596 User: 127.0.0.1
2020-11-27 16:26:57,597 127.0.0.1 - - [27/Nov/2020 16:26:57] "[37mGET / HTTP/1.1[0m" 200 -
2020-11-27 16:26:57,824 127.0.0.1 - - [27/Nov/2020 16:26:57] "[37mGET /static/styles/style.css HTTP/1.1[0m" 200 -
2020-11-27 16:26:58,410 127.0.0.1 - - [27/Nov/2020 16:26:58] "[37mGET /static/background.jpg HTTP/1.1[0m" 200 -
2020-11-27 16:26:58,772 127.0.0.1 - - [27/Nov/2020 16:26:58] "[33mGET /static/favicon.ico HTTP/1.1[0m" 404 -
2020-11-27 16:27:44,190 User: 127.0.0.1
2020-11-27 16:27:44,192 127.0.0.1 - - [27/Nov/2020 16:27:44] "[37mGET / HTTP/1.1[0m" 200 -
2020-11-27 16:27:44,237 127.0.0.1 - - [27/Nov/2020 16:27:44] "[37mGET /static/styles/style.css HTTP/1.1[0m" 200 -
2020-11-27 16:27:44,387 127.0.0.1 - - [27/Nov/2020 16:27:44] "[37mGET /static/background.jpg HTTP/1.1[0m" 200 -
2020-11-27 16:27:44,689 127.0.0.1 - - [27/Nov/2020 16:27:44] "[33mGET /static/favicon.ico HTTP/1.1[0m" 404 -
2020-11-27 16:27:50,154 User: 127.0.0.1
2020-11-27 16:27:50,155 127.0.0.1 - - [27/Nov/2020 16:27:50] "[37mGET / HTTP/1.1[0m" 200 -
2020-11-27 16:27:50,186 127.0.0.1 - - [27/Nov/2020 16:27:50] "[37mGET /static/styles/style.css HTTP/1.1[0m" 200 -
2020-11-27 16:27:50,306 127.0.0.1 - - [27/Nov/2020 16:27:50] "[37mGET /static/background.jpg HTTP/1.1[0m" 200 -
2020-11-27 16:27:50,653 127.0.0.1 - - [27/Nov/2020 16:27:50] "[33mGET /static/favicon.ico HTTP/1.1[0m" 404 -
2020-11-27 16:28:04,588 User: 127.0.0.1
2020-11-27 16:28:04,589 127.0.0.1 - - [27/Nov/2020 16:28:04] "[37mGET / HTTP/1.1[0m" 200 -
2020-11-27 16:28:04,634 127.0.0.1 - - [27/Nov/2020 16:28:04] "[37mGET /static/styles/style.css HTTP/1.1[0m" 200 -
2020-11-27 16:28:04,759 127.0.0.1 - - [27/Nov/2020 16:28:04] "[37mGET /static/background.jpg HTTP/1.1[0m" 200 -
2020-11-27 16:28:05,070 127.0.0.1 - - [27/Nov/2020 16:28:05] "[33mGET /static/favicon.ico HTTP/1.1[0m" 404 -
2020-11-27 16:28:21,001 User: 127.0.0.1
2020-11-27 16:28:21,002 127.0.0.1 - - [27/Nov/2020 16:28:21] "[37mGET / HTTP/1.1[0m" 200 -
2020-11-27 16:28:21,043 127.0.0.1 - - [27/Nov/2020 16:28:21] "[37mGET /static/styles/style.css HTTP/1.1[0m" 200 -
2020-11-27 16:28:21,158 127.0.0.1 - - [27/Nov/2020 16:28:21] "[37mGET /static/background.jpg HTTP/1.1[0m" 200 -
2020-11-27 16:28:21,458 127.0.0.1 - - [27/Nov/2020 16:28:21] "[33mGET /static/favicon.ico HTTP/1.1[0m" 404 -
2020-11-27 16:28:32,967 User: 127.0.0.1
2020-11-27 16:28:32,969 127.0.0.1 - - [27/Nov/2020 16:28:32] "[37mGET / HTTP/1.1[0m" 200 -
2020-11-27 16:28:32,997 127.0.0.1 - - [27/Nov/2020 16:28:32] "[37mGET /static/styles/style.css HTTP/1.1[0m" 200 -
2020-11-27 16:28:33,124 127.0.0.1 - - [27/Nov/2020 16:28:33] "[37mGET /static/background.jpg HTTP/1.1[0m" 200 -
2020-11-27 16:28:33,254 127.0.0.1 - - [27/Nov/2020 16:28:33] "[33mGET /static/favicon.ico HTTP/1.1[0m" 404 -
2020-11-27 16:28:48,508 User: 127.0.0.1
2020-11-27 16:28:48,509 127.0.0.1 - - [27/Nov/2020 16:28:48] "[37mGET / HTTP/1.1[0m" 200 -
2020-11-27 16:28:48,551 127.0.0.1 - - [27/Nov/2020 16:28:48] "[37mGET /static/styles/style.css HTTP/1.1[0m" 200 -
2020-11-27 16:28:48,680 127.0.0.1 - - [27/Nov/2020 16:28:48] "[37mGET /static/background.jpg HTTP/1.1[0m" 200 -
2020-11-27 16:28:48,869 127.0.0.1 - - [27/Nov/2020 16:28:48] "[33mGET /static/favicon.ico HTTP/1.1[0m" 404 -
2020-11-27 16:28:54,411 User: 127.0.0.1
2020-11-27 16:28:54,412 127.0.0.1 - - [27/Nov/2020 16:28:54] "[37mGET / HTTP/1.1[0m" 200 -
2020-11-27 16:28:54,458 127.0.0.1 - - [27/Nov/2020 16:28:54] "[37mGET /static/styles/style.css HTTP/1.1[0m" 200 -
2020-11-27 16:28:54,597 127.0.0.1 - - [27/Nov/2020 16:28:54] "[37mGET /static/background.jpg HTTP/1.1[0m" 200 -
2020-11-27 16:28:54,967 127.0.0.1 - - [27/Nov/2020 16:28:54] "[33mGET /static/favicon.ico HTTP/1.1[0m" 404 -
2020-11-27 16:29:01,165 User: 127.0.0.1
2020-11-27 16:29:01,166 127.0.0.1 - - [27/Nov/2020 16:29:01] "[37mGET / HTTP/1.1[0m" 200 -
2020-11-27 16:29:01,198 127.0.0.1 - - [27/Nov/2020 16:29:01] "[37mGET /static/styles/style.css HTTP/1.1[0m" 200 -
2020-11-27 16:29:01,345 127.0.0.1 - - [27/Nov/2020 16:29:01] "[37mGET /static/background.jpg HTTP/1.1[0m" 200 -
2020-11-27 16:29:01,551 127.0.0.1 - - [27/Nov/2020 16:29:01] "[33mGET /static/favicon.ico HTTP/1.1[0m" 404 -
2020-11-27 16:29:07,713 127.0.0.1 - - [27/Nov/2020 16:29:07] "[37mGET /map HTTP/1.1[0m" 200 -
2020-11-27 16:29:07,869 127.0.0.1 - - [27/Nov/2020 16:29:07] "[37mGET /favicon.ico HTTP/1.1[0m" 200 -
2020-11-27 16:29:19,567 User: 127.0.0.1
2020-11-27 16:29:19,568 127.0.0.1 - - [27/Nov/2020 16:29:19] "[37mGET / HTTP/1.1[0m" 200 -
2020-11-27 16:29:23,082 127.0.0.1 - - [27/Nov/2020 16:29:23] "[37mGET /map HTTP/1.1[0m" 200 -
2020-11-27 16:29:23,212 127.0.0.1 - - [27/Nov/2020 16:29:23] "[37mGET /favicon.ico HTTP/1.1[0m" 200 -
2020-11-27 16:29:24,275 User: 127.0.0.1
2020-11-27 16:29:24,276 127.0.0.1 - - [27/Nov/2020 16:29:24] "[37mGET / HTTP/1.1[0m" 200 -
2020-11-27 16:29:47,896 User: 127.0.0.1
2020-11-27 16:29:47,896 127.0.0.1 - - [27/Nov/2020 16:29:47] "[37mGET / HTTP/1.1[0m" 200 -
2020-11-27 16:29:47,931 127.0.0.1 - - [27/Nov/2020 16:29:47] "[37mGET /static/styles/style.css HTTP/1.1[0m" 200 -
2020-11-27 16:29:48,064 127.0.0.1 - - [27/Nov/2020 16:29:48] "[37mGET /static/background.jpg HTTP/1.1[0m" 200 -
2020-11-27 16:29:48,251 127.0.0.1 - - [27/Nov/2020 16:29:48] "[33mGET /static/favicon.ico HTTP/1.1[0m" 404 -
2020-11-27 16:29:49,315 127.0.0.1 - - [27/Nov/2020 16:29:49] "[37mGET /map HTTP/1.1[0m" 200 -
2020-11-27 16:29:49,458 127.0.0.1 - - [27/Nov/2020 16:29:49] "[37mGET /favicon.ico HTTP/1.1[0m" 200 -
2020-11-27 16:29:51,958 127.0.0.1 - - [27/Nov/2020 16:29:51] "[37mGET /chart HTTP/1.1[0m" 200 -
2020-11-27 16:29:52,107 127.0.0.1 - - [27/Nov/2020 16:29:52] "[37mGET /favicon.ico HTTP/1.1[0m" 200 -
2020-11-27 16:29:58,184  * Running on http://127.0.0.1:5000/ (Press CTRL+C to quit)
2020-11-27 16:30:00,686 127.0.0.1 - - [27/Nov/2020 16:30:00] "[37mGET /chart HTTP/1.1[0m" 200 -
2020-11-27 16:30:01,035 127.0.0.1 - - [27/Nov/2020 16:30:01] "[37mGET /favicon.ico HTTP/1.1[0m" 200 -
2020-11-27 16:31:15,277  * Running on http://127.0.0.1:5000/ (Press CTRL+C to quit)
2020-11-27 16:31:16,878 127.0.0.1 - - [27/Nov/2020 16:31:16] "[37mGET /chart HTTP/1.1[0m" 200 -
2020-11-27 16:31:17,218 127.0.0.1 - - [27/Nov/2020 16:31:17] "[37mGET /static/jquery.js HTTP/1.1[0m" 200 -
2020-11-27 16:31:17,219 127.0.0.1 - - [27/Nov/2020 16:31:17] "[37mGET /static/styles/style.css HTTP/1.1[0m" 200 -
2020-11-27 16:31:17,458 127.0.0.1 - - [27/Nov/2020 16:31:17] "[37mGET /static/background.jpg HTTP/1.1[0m" 200 -
2020-11-27 16:31:17,762 127.0.0.1 - - [27/Nov/2020 16:31:17] "[37mGET /favicon.ico HTTP/1.1[0m" 200 -
2020-11-27 16:31:39,175 127.0.0.1 - - [27/Nov/2020 16:31:39] "[37mGET /chart HTTP/1.1[0m" 200 -
2020-11-27 16:31:39,210 127.0.0.1 - - [27/Nov/2020 16:31:39] "[37mGET /static/styles/style.css HTTP/1.1[0m" 200 -
2020-11-27 16:31:39,214 127.0.0.1 - - [27/Nov/2020 16:31:39] "[37mGET /static/jquery.js HTTP/1.1[0m" 200 -
2020-11-27 16:31:39,334 127.0.0.1 - - [27/Nov/2020 16:31:39] "[37mGET /static/background.jpg HTTP/1.1[0m" 200 -
2020-11-27 16:31:39,642 127.0.0.1 - - [27/Nov/2020 16:31:39] "[37mGET /favicon.ico HTTP/1.1[0m" 200 -
2020-11-27 16:32:59,217 127.0.0.1 - - [27/Nov/2020 16:32:59] "[37mGET /chart HTTP/1.1[0m" 200 -
2020-11-27 16:32:59,270 127.0.0.1 - - [27/Nov/2020 16:32:59] "[37mGET /static/styles/style.css HTTP/1.1[0m" 200 -
2020-11-27 16:32:59,271 127.0.0.1 - - [27/Nov/2020 16:32:59] "[37mGET /static/jquery.js HTTP/1.1[0m" 200 -
2020-11-27 16:32:59,701 127.0.0.1 - - [27/Nov/2020 16:32:59] "[37mGET /static/background.jpg HTTP/1.1[0m" 200 -
2020-11-27 16:33:00,011 127.0.0.1 - - [27/Nov/2020 16:33:00] "[37mGET /favicon.ico HTTP/1.1[0m" 200 -
2020-11-27 16:33:35,738 127.0.0.1 - - [27/Nov/2020 16:33:35] "[37mGET /chart HTTP/1.1[0m" 200 -
2020-11-27 16:33:35,773 127.0.0.1 - - [27/Nov/2020 16:33:35] "[37mGET /static/jquery.js HTTP/1.1[0m" 200 -
2020-11-27 16:33:35,784 127.0.0.1 - - [27/Nov/2020 16:33:35] "[37mGET /static/styles/style.css HTTP/1.1[0m" 200 -
2020-11-27 16:33:35,912 127.0.0.1 - - [27/Nov/2020 16:33:35] "[37mGET /static/background.jpg HTTP/1.1[0m" 200 -
2020-11-27 16:33:36,243 127.0.0.1 - - [27/Nov/2020 16:33:36] "[37mGET /favicon.ico HTTP/1.1[0m" 200 -
2020-11-27 16:38:43,106 127.0.0.1 - - [27/Nov/2020 16:38:43] "[37mGET /about HTTP/1.1[0m" 200 -
2020-11-27 16:38:43,208 127.0.0.1 - - [27/Nov/2020 16:38:43] "[37mGET /favicon.ico HTTP/1.1[0m" 200 -
2020-11-27 16:38:50,963 127.0.0.1 - - [27/Nov/2020 16:38:50] "[37mGET /favicon.ico HTTP/1.1[0m" 200 -
2020-11-27 16:38:52,854 User: 127.0.0.1
2020-11-27 16:38:52,860 127.0.0.1 - - [27/Nov/2020 16:38:52] "[37mGET / HTTP/1.1[0m" 200 -
2020-11-27 16:38:53,612 127.0.0.1 - - [27/Nov/2020 16:38:53] "[33mGET /static/favicon.ico HTTP/1.1[0m" 404 -
2020-11-27 16:47:11,751 User: 127.0.0.1
2020-11-27 16:47:11,752 127.0.0.1 - - [27/Nov/2020 16:47:11] "[37mGET / HTTP/1.1[0m" 200 -
2020-11-27 16:47:12,565 User: 127.0.0.1
2020-11-27 16:47:12,566 127.0.0.1 - - [27/Nov/2020 16:47:12] "[37mGET / HTTP/1.1[0m" 200 -
2020-11-27 16:47:30,694 127.0.0.1 - - [27/Nov/2020 16:47:30] "[37mGET /map HTTP/1.1[0m" 200 -
2020-11-27 16:47:30,850 127.0.0.1 - - [27/Nov/2020 16:47:30] "[37mGET /favicon.ico HTTP/1.1[0m" 200 -
2020-11-27 16:58:07,514 127.0.0.1 - - [27/Nov/2020 16:58:07] "[37mGET /map HTTP/1.1[0m" 200 -
2020-11-27 16:58:07,550 127.0.0.1 - - [27/Nov/2020 16:58:07] "[37mGET /static/jquery.js HTTP/1.1[0m" 200 -
2020-11-27 16:58:07,563 127.0.0.1 - - [27/Nov/2020 16:58:07] "[37mGET /static/styles/style.css HTTP/1.1[0m" 200 -
2020-11-27 16:58:08,023 127.0.0.1 - - [27/Nov/2020 16:58:08] "[37mGET /static/background.jpg HTTP/1.1[0m" 200 -
2020-11-27 16:58:08,246 127.0.0.1 - - [27/Nov/2020 16:58:08] "[37mGET /favicon.ico HTTP/1.1[0m" 200 -
2020-11-27 17:05:32,364 User: 127.0.0.1
2020-11-27 17:05:32,365 127.0.0.1 - - [27/Nov/2020 17:05:32] "[37mGET / HTTP/1.1[0m" 200 -
2020-11-27 17:05:32,877 127.0.0.1 - - [27/Nov/2020 17:05:32] "[33mGET /static/favicon.ico HTTP/1.1[0m" 404 -
2020-11-27 17:05:43,637 127.0.0.1 - - [27/Nov/2020 17:05:43] "[37mGET /map HTTP/1.1[0m" 200 -
2020-11-27 17:05:43,756 127.0.0.1 - - [27/Nov/2020 17:05:43] "[37mGET /favicon.ico HTTP/1.1[0m" 200 -
2020-11-27 17:06:53,706  * Running on http://127.0.0.1:5000/ (Press CTRL+C to quit)
2020-11-27 17:06:56,319 127.0.0.1 - - [27/Nov/2020 17:06:56] "[37mGET /map HTTP/1.1[0m" 200 -
2020-11-27 17:06:56,414 127.0.0.1 - - [27/Nov/2020 17:06:56] "[37mGET /favicon.ico HTTP/1.1[0m" 200 -
2020-11-27 17:06:58,030 User: 127.0.0.1
2020-11-27 17:06:58,040 127.0.0.1 - - [27/Nov/2020 17:06:58] "[37mGET / HTTP/1.1[0m" 200 -
2020-11-27 17:07:05,022 127.0.0.1 - - [27/Nov/2020 17:07:05] "[37mGET /map HTTP/1.1[0m" 200 -
2020-11-27 17:07:05,123 127.0.0.1 - - [27/Nov/2020 17:07:05] "[37mGET /favicon.ico HTTP/1.1[0m" 200 -
2020-11-27 17:07:09,750 User: 127.0.0.1
2020-11-27 17:07:09,753 127.0.0.1 - - [27/Nov/2020 17:07:09] "[37mGET / HTTP/1.1[0m" 200 -
2020-11-27 17:07:12,957 127.0.0.1 - - [27/Nov/2020 17:07:12] "[37mGET /map HTTP/1.1[0m" 200 -
2020-11-27 17:07:13,053 127.0.0.1 - - [27/Nov/2020 17:07:13] "[37mGET /favicon.ico HTTP/1.1[0m" 200 -
2020-11-27 17:07:32,390 User: 127.0.0.1
2020-11-27 17:07:32,391 127.0.0.1 - - [27/Nov/2020 17:07:32] "[37mGET / HTTP/1.1[0m" 200 -
2020-11-27 17:07:43,263 127.0.0.1 - - [27/Nov/2020 17:07:43] "[37mGET /map HTTP/1.1[0m" 200 -
2020-11-27 17:07:43,447 127.0.0.1 - - [27/Nov/2020 17:07:43] "[37mGET /favicon.ico HTTP/1.1[0m" 200 -
2020-11-27 17:14:47,089 127.0.0.1 - - [27/Nov/2020 17:14:47] "[37mGET /map HTTP/1.1[0m" 200 -
2020-11-27 17:14:47,526 127.0.0.1 - - [27/Nov/2020 17:14:47] "[37mGET /static/jquery.js HTTP/1.1[0m" 200 -
2020-11-27 17:14:47,538 127.0.0.1 - - [27/Nov/2020 17:14:47] "[37mGET /static/styles/style.css HTTP/1.1[0m" 200 -
2020-11-27 17:14:47,708 127.0.0.1 - - [27/Nov/2020 17:14:47] "[37mGET /static/background.jpg HTTP/1.1[0m" 200 -
2020-11-27 17:14:47,872 127.0.0.1 - - [27/Nov/2020 17:14:47] "[37mGET /favicon.ico HTTP/1.1[0m" 200 -
2020-11-27 17:15:33,001 User: 127.0.0.1
2020-11-27 17:15:33,001 127.0.0.1 - - [27/Nov/2020 17:15:33] "[37mGET / HTTP/1.1[0m" 200 -
2020-11-27 17:15:33,790 127.0.0.1 - - [27/Nov/2020 17:15:33] "[33mGET /static/favicon.ico HTTP/1.1[0m" 404 -
2020-11-27 17:15:37,693 127.0.0.1 - - [27/Nov/2020 17:15:37] "[37mGET /map HTTP/1.1[0m" 200 -
2020-11-27 17:15:37,890 127.0.0.1 - - [27/Nov/2020 17:15:37] "[37mGET /favicon.ico HTTP/1.1[0m" 200 -
2020-11-27 17:15:40,659 User: 127.0.0.1
2020-11-27 17:15:40,660 127.0.0.1 - - [27/Nov/2020 17:15:40] "[37mGET / HTTP/1.1[0m" 200 -
2020-11-27 17:15:49,176 127.0.0.1 - - [27/Nov/2020 17:15:49] "[37mGET /map HTTP/1.1[0m" 200 -
2020-11-27 17:15:49,324 127.0.0.1 - - [27/Nov/2020 17:15:49] "[37mGET /favicon.ico HTTP/1.1[0m" 200 -
2020-11-27 17:25:41,035 127.0.0.1 - - [27/Nov/2020 17:25:41] "[37mGET /map HTTP/1.1[0m" 200 -
2020-11-27 17:25:41,071 127.0.0.1 - - [27/Nov/2020 17:25:41] "[37mGET /static/jquery.js HTTP/1.1[0m" 200 -
2020-11-27 17:25:41,082 127.0.0.1 - - [27/Nov/2020 17:25:41] "[37mGET /static/styles/style.css HTTP/1.1[0m" 200 -
2020-11-27 17:25:41,768 127.0.0.1 - - [27/Nov/2020 17:25:41] "[37mGET /static/background.jpg HTTP/1.1[0m" 200 -
2020-11-27 17:25:41,910 127.0.0.1 - - [27/Nov/2020 17:25:41] "[37mGET /favicon.ico HTTP/1.1[0m" 200 -
2020-11-27 17:25:43,339 User: 127.0.0.1
2020-11-27 17:25:43,340 127.0.0.1 - - [27/Nov/2020 17:25:43] "[37mGET / HTTP/1.1[0m" 200 -
2020-11-27 17:25:43,846 127.0.0.1 - - [27/Nov/2020 17:25:43] "[33mGET /static/favicon.ico HTTP/1.1[0m" 404 -
2020-11-27 17:25:48,766 127.0.0.1 - - [27/Nov/2020 17:25:48] "[37mGET /map HTTP/1.1[0m" 200 -
2020-11-27 17:25:48,943 127.0.0.1 - - [27/Nov/2020 17:25:48] "[37mGET /favicon.ico HTTP/1.1[0m" 200 -
2020-11-27 17:26:07,320 User: 127.0.0.1
2020-11-27 17:26:07,321 127.0.0.1 - - [27/Nov/2020 17:26:07] "[37mGET / HTTP/1.1[0m" 200 -
2020-11-27 17:26:19,367 127.0.0.1 - - [27/Nov/2020 17:26:19] "[37mGET /map HTTP/1.1[0m" 200 -
2020-11-27 17:26:19,532 127.0.0.1 - - [27/Nov/2020 17:26:19] "[37mGET /favicon.ico HTTP/1.1[0m" 200 -
2020-11-27 17:26:20,999 127.0.0.1 - - [27/Nov/2020 17:26:20] "[37mGET /map HTTP/1.1[0m" 200 -
2020-11-27 17:26:21,035 127.0.0.1 - - [27/Nov/2020 17:26:21] "[37mGET /static/jquery.js HTTP/1.1[0m" 200 -
2020-11-27 17:26:21,045 127.0.0.1 - - [27/Nov/2020 17:26:21] "[37mGET /static/styles/style.css HTTP/1.1[0m" 200 -
2020-11-27 17:26:21,165 127.0.0.1 - - [27/Nov/2020 17:26:21] "[37mGET /static/background.jpg HTTP/1.1[0m" 200 -
2020-11-27 17:26:21,370 127.0.0.1 - - [27/Nov/2020 17:26:21] "[37mGET /favicon.ico HTTP/1.1[0m" 200 -
2020-11-27 17:26:22,191 User: 127.0.0.1
2020-11-27 17:26:22,191 127.0.0.1 - - [27/Nov/2020 17:26:22] "[37mGET / HTTP/1.1[0m" 200 -
2020-11-27 17:26:22,517 127.0.0.1 - - [27/Nov/2020 17:26:22] "[33mGET /static/favicon.ico HTTP/1.1[0m" 404 -
2020-11-27 17:26:26,794 127.0.0.1 - - [27/Nov/2020 17:26:26] "[37mGET /map HTTP/1.1[0m" 200 -
2020-11-27 17:26:26,972 127.0.0.1 - - [27/Nov/2020 17:26:26] "[37mGET /favicon.ico HTTP/1.1[0m" 200 -
2020-11-27 17:26:36,523 User: 127.0.0.1
2020-11-27 17:26:36,524 127.0.0.1 - - [27/Nov/2020 17:26:36] "[37mGET / HTTP/1.1[0m" 200 -
2020-11-27 17:26:38,098 127.0.0.1 - - [27/Nov/2020 17:26:38] "[37mGET /about HTTP/1.1[0m" 200 -
2020-11-27 17:26:38,213 127.0.0.1 - - [27/Nov/2020 17:26:38] "[37mGET /favicon.ico HTTP/1.1[0m" 200 -
2020-11-27 17:27:59,676 127.0.0.1 - - [27/Nov/2020 17:27:59] "[37mGET /map HTTP/1.1[0m" 200 -
2020-11-27 17:27:59,828 127.0.0.1 - - [27/Nov/2020 17:27:59] "[37mGET /favicon.ico HTTP/1.1[0m" 200 -
2020-11-27 17:28:04,244 User: 127.0.0.1
2020-11-27 17:28:04,245 127.0.0.1 - - [27/Nov/2020 17:28:04] "[37mGET / HTTP/1.1[0m" 200 -
2020-11-27 17:29:24,076 127.0.0.1 - - [27/Nov/2020 17:29:24] "[37mGET /map HTTP/1.1[0m" 200 -
2020-11-27 17:29:24,246 127.0.0.1 - - [27/Nov/2020 17:29:24] "[37mGET /favicon.ico HTTP/1.1[0m" 200 -
2020-11-27 17:30:10,094 User: 127.0.0.1
2020-11-27 17:30:10,095 127.0.0.1 - - [27/Nov/2020 17:30:10] "[37mGET / HTTP/1.1[0m" 200 -
2020-11-27 17:30:45,951  * Running on http://127.0.0.1:5000/ (Press CTRL+C to quit)
2020-11-27 17:30:48,134 User: 127.0.0.1
2020-11-27 17:30:48,142 127.0.0.1 - - [27/Nov/2020 17:30:48] "[37mGET / HTTP/1.1[0m" 200 -
2020-11-27 17:30:48,419 127.0.0.1 - - [27/Nov/2020 17:30:48] "[37mGET /static/styles/style.css HTTP/1.1[0m" 200 -
2020-11-27 17:30:48,532 127.0.0.1 - - [27/Nov/2020 17:30:48] "[37mGET /static/background.jpg HTTP/1.1[0m" 200 -
2020-11-27 17:30:48,876 127.0.0.1 - - [27/Nov/2020 17:30:48] "[33mGET /static/favicon.ico HTTP/1.1[0m" 404 -
2020-11-27 17:30:51,466 127.0.0.1 - - [27/Nov/2020 17:30:51] "[37mGET /map HTTP/1.1[0m" 200 -
2020-11-27 17:30:51,603 127.0.0.1 - - [27/Nov/2020 17:30:51] "[37mGET /favicon.ico HTTP/1.1[0m" 200 -
2020-11-27 17:37:21,946 127.0.0.1 - - [27/Nov/2020 17:37:21] "[37mGET /map HTTP/1.1[0m" 200 -
2020-11-27 17:37:22,237 127.0.0.1 - - [27/Nov/2020 17:37:22] "[37mGET /favicon.ico HTTP/1.1[0m" 200 -
2020-11-27 17:37:25,598 127.0.0.1 - - [27/Nov/2020 17:37:25] "[37mGET /map HTTP/1.1[0m" 200 -
2020-11-27 17:37:25,633 127.0.0.1 - - [27/Nov/2020 17:37:25] "[37mGET /static/jquery.js HTTP/1.1[0m" 200 -
2020-11-27 17:37:25,641 127.0.0.1 - - [27/Nov/2020 17:37:25] "[37mGET /static/styles/style.css HTTP/1.1[0m" 200 -
2020-11-27 17:37:25,990 127.0.0.1 - - [27/Nov/2020 17:37:25] "[37mGET /static/background.jpg HTTP/1.1[0m" 200 -
2020-11-27 17:37:26,385 127.0.0.1 - - [27/Nov/2020 17:37:26] "[37mGET /favicon.ico HTTP/1.1[0m" 200 -
2020-11-27 17:43:37,921  * Running on http://127.0.0.1:5000/ (Press CTRL+C to quit)
2020-11-27 17:43:41,070 127.0.0.1 - - [27/Nov/2020 17:43:41] "[37mGET /map HTTP/1.1[0m" 200 -
2020-11-27 17:43:41,428 127.0.0.1 - - [27/Nov/2020 17:43:41] "[37mGET /favicon.ico HTTP/1.1[0m" 200 -
2020-11-27 17:43:42,972 127.0.0.1 - - [27/Nov/2020 17:43:42] "[37mGET /map HTTP/1.1[0m" 200 -
2020-11-27 17:43:43,381 127.0.0.1 - - [27/Nov/2020 17:43:43] "[37mGET /static/styles/style.css HTTP/1.1[0m" 200 -
2020-11-27 17:43:43,382 127.0.0.1 - - [27/Nov/2020 17:43:43] "[37mGET /static/jquery.js HTTP/1.1[0m" 200 -
2020-11-27 17:43:43,482 127.0.0.1 - - [27/Nov/2020 17:43:43] "[37mGET /static/background.jpg HTTP/1.1[0m" 200 -
2020-11-27 17:43:44,142 127.0.0.1 - - [27/Nov/2020 17:43:44] "[37mGET /favicon.ico HTTP/1.1[0m" 200 -
2020-11-27 17:43:46,394 User: 127.0.0.1
2020-11-27 17:43:46,555 127.0.0.1 - - [27/Nov/2020 17:43:46] "[37mGET / HTTP/1.1[0m" 200 -
2020-11-27 17:43:46,632 127.0.0.1 - - [27/Nov/2020 17:43:46] "[37mGET /static/logo.png HTTP/1.1[0m" 200 -
2020-11-27 17:43:47,235 127.0.0.1 - - [27/Nov/2020 17:43:47] "[33mGET /static/favicon.ico HTTP/1.1[0m" 404 -
2020-11-27 17:45:15,081  * Running on http://127.0.0.1:5000/ (Press CTRL+C to quit)
2020-11-27 17:45:16,888 User: 127.0.0.1
2020-11-27 17:45:16,896 127.0.0.1 - - [27/Nov/2020 17:45:16] "[37mGET / HTTP/1.1[0m" 200 -
2020-11-27 17:45:17,143 127.0.0.1 - - [27/Nov/2020 17:45:17] "[37mGET /static/styles/style.css HTTP/1.1[0m" 200 -
2020-11-27 17:45:17,152 127.0.0.1 - - [27/Nov/2020 17:45:17] "[37mGET /static/logo.png HTTP/1.1[0m" 200 -
2020-11-27 17:45:17,440 127.0.0.1 - - [27/Nov/2020 17:45:17] "[37mGET /static/background.jpg HTTP/1.1[0m" 200 -
2020-11-27 17:45:17,730 127.0.0.1 - - [27/Nov/2020 17:45:17] "[33mGET /static/favicon.ico HTTP/1.1[0m" 404 -
2020-11-27 17:45:19,356 User: 127.0.0.1
2020-11-27 17:45:19,357 127.0.0.1 - - [27/Nov/2020 17:45:19] "[37mGET / HTTP/1.1[0m" 200 -
2020-11-27 17:45:20,600 User: 127.0.0.1
2020-11-27 17:45:20,601 127.0.0.1 - - [27/Nov/2020 17:45:20] "[37mGET / HTTP/1.1[0m" 200 -
2020-11-27 17:45:24,301 User: 127.0.0.1
2020-11-27 17:45:24,302 127.0.0.1 - - [27/Nov/2020 17:45:24] "[37mGET / HTTP/1.1[0m" 200 -
2020-11-27 17:48:37,621 User: 127.0.0.1
2020-11-27 17:48:37,622 127.0.0.1 - - [27/Nov/2020 17:48:37] "[37mGET / HTTP/1.1[0m" 200 -
2020-11-27 17:48:40,024 127.0.0.1 - - [27/Nov/2020 17:48:40] "[37mGET /about HTTP/1.1[0m" 200 -
2020-11-27 17:48:40,145 127.0.0.1 - - [27/Nov/2020 17:48:40] "[37mGET /favicon.ico HTTP/1.1[0m" 200 -
2020-11-27 17:48:43,619 127.0.0.1 - - [27/Nov/2020 17:48:43] "[37mGET /map HTTP/1.1[0m" 200 -
2020-11-27 17:48:43,853 127.0.0.1 - - [27/Nov/2020 17:48:43] "[37mGET /favicon.ico HTTP/1.1[0m" 200 -
